<?xml version="1.0" encoding="UTF-8"?>
<!-- Generated by org.testng.reporters.JUnitXMLReporter -->
<testsuite ignored="0" hostname="LTIN521812" failures="0" tests="22" name="ChromeTest" time="6.102" errors="0" timestamp="2025-01-13T10:19:55 IST">
  <testcase classname="testBase.BaseClass" name="@BeforeTest setup" time="5.882">
    <failure type="org.openqa.selenium.NoSuchWindowException" message="no such window: target window already closed
from unknown error: web view not found
  (Session info: chrome=130.0.6723.117)
Build info: version: &amp;apos;4.27.0&amp;apos;, revision: &amp;apos;d6e718d134&amp;apos;
System info: os.name: &amp;apos;Windows 11&amp;apos;, os.arch: &amp;apos;amd64&amp;apos;, os.version: &amp;apos;10.0&amp;apos;, java.version: &amp;apos;17.0.13&amp;apos;
Driver info: org.openqa.selenium.chrome.ChromeDriver
Command: [55046a53310d39a973c8caca80171101, maximizeCurrentWindow {}]
Capabilities {acceptInsecureCerts: false, browserName: chrome, browserVersion: 130.0.6723.117, chrome: {chromedriverVersion: 130.0.6723.116 (6ac35f94ae3..., userDataDir: C:\windows\SystemTemp\scope...}, fedcm:accounts: true, goog:chromeOptions: {debuggerAddress: localhost:59145}, networkConnectionEnabled: false, pageLoadStrategy: normal, platformName: windows, proxy: Proxy(), se:cdp: ws://localhost:59145/devtoo..., se:cdpVersion: 130.0.6723.117, setWindowRect: true, strictFileInteractability: false, timeouts: {implicit: 0, pageLoad: 300000, script: 30000}, unhandledPromptBehavior: dismiss and notify, webauthn:extension:credBlob: true, webauthn:extension:largeBlob: true, webauthn:extension:minPinLength: true, webauthn:extension:prf: true, webauthn:virtualAuthenticators: true}
Session ID: 55046a53310d39a973c8caca80171101">
      <![CDATA[org.openqa.selenium.NoSuchWindowException: no such window: target window already closed
from unknown error: web view not found
  (Session info: chrome=130.0.6723.117)
Build info: version: '4.27.0', revision: 'd6e718d134'
System info: os.name: 'Windows 11', os.arch: 'amd64', os.version: '10.0', java.version: '17.0.13'
Driver info: org.openqa.selenium.chrome.ChromeDriver
Command: [55046a53310d39a973c8caca80171101, maximizeCurrentWindow {}]
Capabilities {acceptInsecureCerts: false, browserName: chrome, browserVersion: 130.0.6723.117, chrome: {chromedriverVersion: 130.0.6723.116 (6ac35f94ae3..., userDataDir: C:\windows\SystemTemp\scope...}, fedcm:accounts: true, goog:chromeOptions: {debuggerAddress: localhost:59145}, networkConnectionEnabled: false, pageLoadStrategy: normal, platformName: windows, proxy: Proxy(), se:cdp: ws://localhost:59145/devtoo..., se:cdpVersion: 130.0.6723.117, setWindowRect: true, strictFileInteractability: false, timeouts: {implicit: 0, pageLoad: 300000, script: 30000}, unhandledPromptBehavior: dismiss and notify, webauthn:extension:credBlob: true, webauthn:extension:largeBlob: true, webauthn:extension:minPinLength: true, webauthn:extension:prf: true, webauthn:virtualAuthenticators: true}
Session ID: 55046a53310d39a973c8caca80171101
at org.openqa.selenium.remote.ErrorCodec.decode(ErrorCodec.java:167)
at org.openqa.selenium.remote.codec.w3c.W3CHttpResponseCodec.decode(W3CHttpResponseCodec.java:138)
at org.openqa.selenium.remote.codec.w3c.W3CHttpResponseCodec.decode(W3CHttpResponseCodec.java:50)
at org.openqa.selenium.remote.HttpCommandExecutor.execute(HttpCommandExecutor.java:190)
at org.openqa.selenium.remote.service.DriverCommandExecutor.invokeExecute(DriverCommandExecutor.java:216)
at org.openqa.selenium.remote.service.DriverCommandExecutor.execute(DriverCommandExecutor.java:174)
at org.openqa.selenium.remote.RemoteWebDriver.execute(RemoteWebDriver.java:545)
at org.openqa.selenium.remote.RemoteWebDriver.execute(RemoteWebDriver.java:618)
at org.openqa.selenium.remote.RemoteWebDriver.execute(RemoteWebDriver.java:622)
at org.openqa.selenium.remote.RemoteWebDriver$RemoteWebDriverOptions$RemoteWindow.maximize(RemoteWebDriver.java:1061)
at testBase.BaseClass.setup(BaseClass.java:34)
... Removed 29 stack frames]]>
    </failure>
  </testcase> <!-- @BeforeTest setup -->
  <testcase classname="testBase.BaseClass" name="@BeforeClass pages" time="-1.73674379551E9">
    <skipped/>
  </testcase> <!-- @BeforeClass pages -->
  <testcase classname="testBase.BaseClass" name="@AfterTest tearDown" time="-1.736743795681E9">
    <skipped/>
  </testcase> <!-- @AfterTest tearDown -->
  <testcase classname="testCases.EndtoEnd" name="testValidUrl" time="0.0">
    <skipped/>
  </testcase> <!-- testValidUrl -->
  <testcase classname="testCases.EndtoEnd" name="testFieldPresence" time="0.0">
    <skipped/>
  </testcase> <!-- testFieldPresence -->
  <testcase classname="testCases.EndtoEnd" name="testFieldOasisPresence" time="0.0">
    <skipped/>
  </testcase> <!-- testFieldOasisPresence -->
  <testcase classname="testCases.EndtoEnd" name="testFieldLogin" time="0.0">
    <skipped/>
  </testcase> <!-- testFieldLogin -->
  <testcase classname="testCases.EndtoEnd" name="testLoginDropDown" time="0.0">
    <skipped/>
  </testcase> <!-- testLoginDropDown -->
  <testcase classname="testCases.EndtoEnd" name="bookShelvesSubmenuPresence" time="0.0">
    <skipped/>
  </testcase> <!-- bookShelvesSubmenuPresence -->
  <testcase classname="testCases.EndtoEnd" name="bookShelvesClick" time="0.0">
    <skipped/>
  </testcase> <!-- bookShelvesClick -->
  <testcase classname="testCases.EndtoEnd" name="checkBookshelvesUrl" time="0.0">
    <skipped/>
  </testcase> <!-- checkBookshelvesUrl -->
  <testcase classname="testCases.EndtoEnd" name="checkFilters" time="0.0">
    <skipped/>
  </testcase> <!-- checkFilters -->
  <testcase classname="testCases.EndtoEnd" name="checkPriceTagSlider" time="0.0">
    <skipped/>
  </testcase> <!-- checkPriceTagSlider -->
  <testcase classname="testCases.EndtoEnd" name="testPriceTagSliderWithValue" time="0.0">
    <skipped/>
  </testcase> <!-- testPriceTagSliderWithValue -->
  <testcase classname="testCases.EndtoEnd" name="checkStorageTypeTag" time="0.0">
    <skipped/>
  </testcase> <!-- checkStorageTypeTag -->
  <testcase classname="testCases.EndtoEnd" name="testStorageTypeTagWithValue" time="0.0">
    <skipped/>
  </testcase> <!-- testStorageTypeTagWithValue -->
  <testcase classname="testCases.EndtoEnd" name="testExcludeOutOfStock" time="0.0">
    <skipped/>
  </testcase> <!-- testExcludeOutOfStock -->
  <testcase classname="testCases.EndtoEnd" name="testSortBy" time="0.0">
    <skipped/>
  </testcase> <!-- testSortBy -->
  <testcase classname="testCases.EndtoEnd" name="testPresenceOfBookshelves" time="0.0">
    <skipped/>
  </testcase> <!-- testPresenceOfBookshelves -->
  <testcase classname="testCases.EndtoEnd" name="testUrlAfterBack" time="0.0">
    <skipped/>
  </testcase> <!-- testUrlAfterBack -->
  <testcase classname="testCases.EndtoEnd" name="dropDownAppearanceValidation" time="0.0">
    <skipped/>
  </testcase> <!-- dropDownAppearanceValidation -->
  <testcase classname="testCases.EndtoEnd" name="dropDownSubMenuValidation" time="0.0">
    <skipped/>
  </testcase> <!-- dropDownSubMenuValidation -->
  <testcase classname="testCases.EndtoEnd" name="FillUL" time="0.0">
    <skipped/>
  </testcase> <!-- FillUL -->
  <testcase classname="testCases.EndtoEnd" name="testModalOpening" time="0.0">
    <skipped/>
  </testcase> <!-- testModalOpening -->
  <testcase classname="testCases.EndtoEnd" name="testWithInvalidData" time="0.0">
    <skipped/>
  </testcase> <!-- testWithInvalidData -->
</testsuite> <!-- ChromeTest -->
